<?xml version="1.0" encoding="UTF-8"?>
<!-- Generated by org.testng.reporters.JUnitXMLReporter -->
<testsuite ignored="0" hostname="DESKTOP-D762TU2" failures="1" tests="4" name="Default test" time="62.067" errors="0" timestamp="2025-03-28T10:59:38 IST">
  <testcase classname="io.cucumber.testng.AbstractTestNGCucumberTests" name="runScenario" time="37.74"/>
  <testcase classname="io.cucumber.testng.AbstractTestNGCucumberTests" name="runScenario" time="7.923">
    <failure type="java.lang.AssertionError" message="expected [] but found [Your password is invalid!]">
      <![CDATA[java.lang.AssertionError: expected [] but found [Your password is invalid!]
at org.testng.Assert.fail(Assert.java:111)
at org.testng.Assert.failNotEquals(Assert.java:1578)
at org.testng.Assert.assertEqualsImpl(Assert.java:150)
at org.testng.Assert.assertEquals(Assert.java:132)
at org.testng.Assert.assertEquals(Assert.java:656)
at org.testng.Assert.assertEquals(Assert.java:666)
at StepDefinations.CheckingLoginStepsDefination.an_error_message_should_be_displayed_saying(CheckingLoginStepsDefination.java:77)
at âœ½.an error message should be displayed saying "Your password is invalid!"(file:///C:/Users/Hp/eclipse-workspace/Project_TestNG_BDD/src/test/resources/Feature/CheckingLoginFun.feature:16)
]]>
    </failure>
  </testcase> <!-- runScenario -->
  <testcase classname="io.cucumber.testng.AbstractTestNGCucumberTests" name="runScenario" time="7.85"/>
  <testcase classname="io.cucumber.testng.AbstractTestNGCucumberTests" name="runScenario" time="7.554"/>
</testsuite> <!-- Default test -->
