<?xml version="1.0" encoding="UTF-8"?>
<!-- Generated by org.testng.reporters.JUnitReportReporter -->
<testsuite hostname="DESKTOP-D762TU2" failures="1" tests="4" name="TestRunner.CucumberRunner" time="61.067" errors="0" timestamp="2025-03-28T10:59:39 IST" skipped="0">
  <testcase classname="TestRunner.CucumberRunner" name="runScenario" time="37.740"/>
  <testcase classname="TestRunner.CucumberRunner" name="runScenario" time="7.850"/>
  <testcase classname="TestRunner.CucumberRunner" name="runScenario" time="7.923">
    <failure message="expected [] but found [Your password is invalid!]" type="java.lang.AssertionError">
      <![CDATA[java.lang.AssertionError: expected [] but found [Your password is invalid!]
at org.testng.Assert.fail(Assert.java:111)
at org.testng.Assert.failNotEquals(Assert.java:1578)
at org.testng.Assert.assertEqualsImpl(Assert.java:150)
at org.testng.Assert.assertEquals(Assert.java:132)
at org.testng.Assert.assertEquals(Assert.java:656)
at org.testng.Assert.assertEquals(Assert.java:666)
at StepDefinations.CheckingLoginStepsDefination.an_error_message_should_be_displayed_saying(CheckingLoginStepsDefination.java:77)
at âœ½.an error message should be displayed saying "Your password is invalid!"(file:///C:/Users/Hp/eclipse-workspace/Project_TestNG_BDD/src/test/resources/Feature/CheckingLoginFun.feature:16)
]]>
    </failure>
  </testcase> <!-- runScenario -->
  <testcase classname="TestRunner.CucumberRunner" name="runScenario" time="7.554"/>
</testsuite> <!-- TestRunner.CucumberRunner -->
